d:\my_c_files\avx2_vectorised_functions\avx2_vectorised_functions\debug\avx2_vectorised_functions_lib.lib
d:\my_c_files\avx2_vectorised_functions\avx2_vectorised_functions\debug\avx2_vectorised_functions_lib.exp
d:\my_c_files\avx2_vectorised_functions\avx2_vectorised_functions_lib\debug\avx2_vectorised_functions_lib.pch
d:\my_c_files\avx2_vectorised_functions\avx2_vectorised_functions_lib\debug\vc142.pdb
d:\my_c_files\avx2_vectorised_functions\avx2_vectorised_functions_lib\debug\vc142.idb
d:\my_c_files\avx2_vectorised_functions\avx2_vectorised_functions_lib\debug\avx2_math_x86_lib.obj
d:\my_c_files\avx2_vectorised_functions\avx2_vectorised_functions_lib\debug\dllmain.obj
d:\my_c_files\avx2_vectorised_functions\avx2_vectorised_functions_lib\debug\pch.obj
d:\my_c_files\avx2_vectorised_functions\avx2_vectorised_functions\debug\avx2_vectorised_functions_lib.ilk
d:\my_c_files\avx2_vectorised_functions\avx2_vectorised_functions\debug\avx2_vectorised_functions_lib.dll
d:\my_c_files\avx2_vectorised_functions\avx2_vectorised_functions\debug\avx2_vectorised_functions_lib.pdb
d:\my_c_files\avx2_vectorised_functions\avx2_vectorised_functions_lib\debug\exp_funcs_.obj
d:\my_c_files\avx2_vectorised_functions\avx2_vectorised_functions_lib\debug\log_funcs_.obj
d:\my_c_files\avx2_vectorised_functions\avx2_vectorised_functions_lib\debug\sincos_funcs_.obj
d:\my_c_files\avx2_vectorised_functions\avx2_vectorised_functions_lib\debug\tancot_funcs_.obj
d:\my_c_files\avx2_vectorised_functions\avx2_vectorised_functions_lib\debug\avx2_vec.0556f15e.tlog\avx2_vectorised_functions_lib.write.1u.tlog
d:\my_c_files\avx2_vectorised_functions\avx2_vectorised_functions_lib\debug\avx2_vec.0556f15e.tlog\cl.command.1.tlog
d:\my_c_files\avx2_vectorised_functions\avx2_vectorised_functions_lib\debug\avx2_vec.0556f15e.tlog\cl.read.1.tlog
d:\my_c_files\avx2_vectorised_functions\avx2_vectorised_functions_lib\debug\avx2_vec.0556f15e.tlog\cl.write.1.tlog
d:\my_c_files\avx2_vectorised_functions\avx2_vectorised_functions_lib\debug\avx2_vec.0556f15e.tlog\link.command.1.tlog
d:\my_c_files\avx2_vectorised_functions\avx2_vectorised_functions_lib\debug\avx2_vec.0556f15e.tlog\link.read.1.tlog
d:\my_c_files\avx2_vectorised_functions\avx2_vectorised_functions_lib\debug\avx2_vec.0556f15e.tlog\link.write.1.tlog
d:\my_c_files\avx2_vectorised_functions\avx2_vectorised_functions_lib\debug\avx2_vec.0556f15e.tlog\masm.read.1u.tlog
d:\my_c_files\avx2_vectorised_functions\avx2_vectorised_functions_lib\debug\avx2_vec.0556f15e.tlog\masm.write.1u.tlog
