d:\my_c_files\avx2_vectorised_functions\avx2_vectorised_functions\release\avx2_vectorised_functions_lib.lib
d:\my_c_files\avx2_vectorised_functions\avx2_vectorised_functions\release\avx2_vectorised_functions_lib.exp
d:\my_c_files\avx2_vectorised_functions\avx2_vectorised_functions\release\avx2_vectorised_functions_lib.ipdb
d:\my_c_files\avx2_vectorised_functions\avx2_vectorised_functions\release\avx2_vectorised_functions_lib.iobj
d:\my_c_files\avx2_vectorised_functions\avx2_vectorised_functions_lib\release\avx2_vectorised_functions_lib.pch
d:\my_c_files\avx2_vectorised_functions\avx2_vectorised_functions_lib\release\vc142.pdb
d:\my_c_files\avx2_vectorised_functions\avx2_vectorised_functions_lib\release\avx2_math_x86_lib.obj
d:\my_c_files\avx2_vectorised_functions\avx2_vectorised_functions_lib\release\dllmain.obj
d:\my_c_files\avx2_vectorised_functions\avx2_vectorised_functions_lib\release\pch.obj
d:\my_c_files\avx2_vectorised_functions\avx2_vectorised_functions\release\avx2_vectorised_functions_lib.dll
d:\my_c_files\avx2_vectorised_functions\avx2_vectorised_functions\release\avx2_vectorised_functions_lib.pdb
d:\my_c_files\avx2_vectorised_functions\avx2_vectorised_functions_lib\release\acos_funcs_.obj
d:\my_c_files\avx2_vectorised_functions\avx2_vectorised_functions_lib\release\asin_funcs_.obj
d:\my_c_files\avx2_vectorised_functions\avx2_vectorised_functions_lib\release\atan_funcs_.obj
d:\my_c_files\avx2_vectorised_functions\avx2_vectorised_functions_lib\release\exp_funcs_.obj
d:\my_c_files\avx2_vectorised_functions\avx2_vectorised_functions_lib\release\log_funcs_.obj
d:\my_c_files\avx2_vectorised_functions\avx2_vectorised_functions_lib\release\sincos_funcs_.obj
d:\my_c_files\avx2_vectorised_functions\avx2_vectorised_functions_lib\release\tancot_funcs_.obj
d:\my_c_files\avx2_vectorised_functions\avx2_vectorised_functions_lib\release\avx2_vec.0556f15e.tlog\avx2_vectorised_functions_lib.write.1u.tlog
d:\my_c_files\avx2_vectorised_functions\avx2_vectorised_functions_lib\release\avx2_vec.0556f15e.tlog\cl.command.1.tlog
d:\my_c_files\avx2_vectorised_functions\avx2_vectorised_functions_lib\release\avx2_vec.0556f15e.tlog\cl.read.1.tlog
d:\my_c_files\avx2_vectorised_functions\avx2_vectorised_functions_lib\release\avx2_vec.0556f15e.tlog\cl.write.1.tlog
d:\my_c_files\avx2_vectorised_functions\avx2_vectorised_functions_lib\release\avx2_vec.0556f15e.tlog\link.command.1.tlog
d:\my_c_files\avx2_vectorised_functions\avx2_vectorised_functions_lib\release\avx2_vec.0556f15e.tlog\link.delete.1.tlog
d:\my_c_files\avx2_vectorised_functions\avx2_vectorised_functions_lib\release\avx2_vec.0556f15e.tlog\link.read.1.tlog
d:\my_c_files\avx2_vectorised_functions\avx2_vectorised_functions_lib\release\avx2_vec.0556f15e.tlog\link.write.1.tlog
d:\my_c_files\avx2_vectorised_functions\avx2_vectorised_functions_lib\release\avx2_vec.0556f15e.tlog\masm.read.1u.tlog
d:\my_c_files\avx2_vectorised_functions\avx2_vectorised_functions_lib\release\avx2_vec.0556f15e.tlog\masm.write.1u.tlog
